[2020-05-15 17:42:30] local.ERROR: SQLSTATE[23000]: Integrity constraint violation: 1451 Cannot delete or update a parent row: a foreign key constraint fails (SQL: drop table if exists `users`) {"exception":"[object] (Illuminate\\Database\\QueryException(code: 23000): SQLSTATE[23000]: Integrity constraint violation: 1451 Cannot delete or update a parent row: a foreign key constraint fails (SQL: drop table if exists `users`) at E:\\FCIH\\3\\2nd Term\\Software Engineering-2\\project\\project\\versions\\Elec_Bank\\vendor\\laravel\\framework\\src\\Illuminate\\Database\\Connection.php:664, PDOException(code: 23000): SQLSTATE[23000]: Integrity constraint violation: 1451 Cannot delete or update a parent row: a foreign key constraint fails at E:\\FCIH\\3\\2nd Term\\Software Engineering-2\\project\\project\\versions\\Elec_Bank\\vendor\\laravel\\framework\\src\\Illuminate\\Database\\Connection.php:458)
[stacktrace]
#0 E:\\FCIH\\3\\2nd Term\\Software Engineering-2\\project\\project\\versions\\Elec_Bank\\vendor\\laravel\\framework\\src\\Illuminate\\Database\\Connection.php(624): Illuminate\\Database\\Connection->runQueryCallback('drop table if e...', Array, Object(Closure))
#1 E:\\FCIH\\3\\2nd Term\\Software Engineering-2\\project\\project\\versions\\Elec_Bank\\vendor\\laravel\\framework\\src\\Illuminate\\Database\\Connection.php(459): Illuminate\\Database\\Connection->run('drop table if e...', Array, Object(Closure))
#2 E:\\FCIH\\3\\2nd Term\\Software Engineering-2\\project\\project\\versions\\Elec_Bank\\vendor\\laravel\\framework\\src\\Illuminate\\Database\\Schema\\Blueprint.php(97): Illuminate\\Database\\Connection->statement('drop table if e...')
#3 E:\\FCIH\\3\\2nd Term\\Software Engineering-2\\project\\project\\versions\\Elec_Bank\\vendor\\laravel\\framework\\src\\Illuminate\\Database\\Schema\\Builder.php(278): Illuminate\\Database\\Schema\\Blueprint->build(Object(Illuminate\\Database\\MySqlConnection), Object(Illuminate\\Database\\Schema\\Grammars\\MySqlGrammar))
#4 E:\\FCIH\\3\\2nd Term\\Software Engineering-2\\project\\project\\versions\\Elec_Bank\\vendor\\laravel\\framework\\src\\Illuminate\\Database\\Schema\\Builder.php(193): Illuminate\\Database\\Schema\\Builder->build(Object(Illuminate\\Database\\Schema\\Blueprint))
#5 E:\\FCIH\\3\\2nd Term\\Software Engineering-2\\project\\project\\versions\\Elec_Bank\\vendor\\laravel\\framework\\src\\Illuminate\\Support\\Facades\\Facade.php(239): Illuminate\\Database\\Schema\\Builder->dropIfExists('users')
#6 E:\\FCIH\\3\\2nd Term\\Software Engineering-2\\project\\project\\versions\\Elec_Bank\\database\\migrations\\2014_10_12_000000_create_users_table.php(65): Illuminate\\Support\\Facades\\Facade::__callStatic('dropIfExists', Array)
#7 E:\\FCIH\\3\\2nd Term\\Software Engineering-2\\project\\project\\versions\\Elec_Bank\\vendor\\laravel\\framework\\src\\Illuminate\\Database\\Migrations\\Migrator.php(387): CreateUsersTable->down()
#8 E:\\FCIH\\3\\2nd Term\\Software Engineering-2\\project\\project\\versions\\Elec_Bank\\vendor\\laravel\\framework\\src\\Illuminate\\Database\\Migrations\\Migrator.php(396): Illuminate\\Database\\Migrations\\Migrator->Illuminate\\Database\\Migrations\\{closure}()
#9 E:\\FCIH\\3\\2nd Term\\Software Engineering-2\\project\\project\\versions\\Elec_Bank\\vendor\\laravel\\framework\\src\\Illuminate\\Database\\Migrations\\Migrator.php(358): Illuminate\\Database\\Migrations\\Migrator->runMigration(Object(CreateUsersTable), 'down')
#10 E:\\FCIH\\3\\2nd Term\\Software Engineering-2\\project\\project\\versions\\Elec_Bank\\vendor\\laravel\\framework\\src\\Illuminate\\Database\\Migrations\\Migrator.php(279): Illuminate\\Database\\Migrations\\Migrator->runDown('E:\\\\FCIH\\\\3\\\\2nd T...', Object(stdClass), false)
#11 E:\\FCIH\\3\\2nd Term\\Software Engineering-2\\project\\project\\versions\\Elec_Bank\\vendor\\laravel\\framework\\src\\Illuminate\\Database\\Migrations\\Migrator.php(329): Illuminate\\Database\\Migrations\\Migrator->rollbackMigrations(Array, Array, Array)
#12 E:\\FCIH\\3\\2nd Term\\Software Engineering-2\\project\\project\\versions\\Elec_Bank\\vendor\\laravel\\framework\\src\\Illuminate\\Database\\Migrations\\Migrator.php(308): Illuminate\\Database\\Migrations\\Migrator->resetMigrations(Array, Array, false)
#13 E:\\FCIH\\3\\2nd Term\\Software Engineering-2\\project\\project\\versions\\Elec_Bank\\vendor\\laravel\\framework\\src\\Illuminate\\Database\\Console\\Migrations\\ResetCommand.php(68): Illuminate\\Database\\Migrations\\Migrator->reset(Array, false)
#14 [internal function]: Illuminate\\Database\\Console\\Migrations\\ResetCommand->handle()
#15 E:\\FCIH\\3\\2nd Term\\Software Engineering-2\\project\\project\\versions\\Elec_Bank\\vendor\\laravel\\framework\\src\\Illuminate\\Container\\BoundMethod.php(32): call_user_func_array(Array, Array)
#16 E:\\FCIH\\3\\2nd Term\\Software Engineering-2\\project\\project\\versions\\Elec_Bank\\vendor\\laravel\\framework\\src\\Illuminate\\Container\\BoundMethod.php(90): Illuminate\\Container\\BoundMethod::Illuminate\\Container\\{closure}()
#17 E:\\FCIH\\3\\2nd Term\\Software Engineering-2\\project\\project\\versions\\Elec_Bank\\vendor\\laravel\\framework\\src\\Illuminate\\Container\\BoundMethod.php(34): Illuminate\\Container\\BoundMethod::callBoundMethod(Object(Illuminate\\Foundation\\Application), Array, Object(Closure))
#18 E:\\FCIH\\3\\2nd Term\\Software Engineering-2\\project\\project\\versions\\Elec_Bank\\vendor\\laravel\\framework\\src\\Illuminate\\Container\\Container.php(576): Illuminate\\Container\\BoundMethod::call(Object(Illuminate\\Foundation\\Application), Array, Array, NULL)
#19 E:\\FCIH\\3\\2nd Term\\Software Engineering-2\\project\\project\\versions\\Elec_Bank\\vendor\\laravel\\framework\\src\\Illuminate\\Console\\Command.php(183): Illuminate\\Container\\Container->call(Array)
#20 E:\\FCIH\\3\\2nd Term\\Software Engineering-2\\project\\project\\versions\\Elec_Bank\\vendor\\symfony\\console\\Command\\Command.php(255): Illuminate\\Console\\Command->execute(Object(Symfony\\Component\\Console\\Input\\ArrayInput), Object(Illuminate\\Console\\OutputStyle))
#21 E:\\FCIH\\3\\2nd Term\\Software Engineering-2\\project\\project\\versions\\Elec_Bank\\vendor\\laravel\\framework\\src\\Illuminate\\Console\\Command.php(170): Symfony\\Component\\Console\\Command\\Command->run(Object(Symfony\\Component\\Console\\Input\\ArrayInput), Object(Illuminate\\Console\\OutputStyle))
#22 E:\\FCIH\\3\\2nd Term\\Software Engineering-2\\project\\project\\versions\\Elec_Bank\\vendor\\laravel\\framework\\src\\Illuminate\\Console\\Command.php(198): Illuminate\\Console\\Command->run(Object(Symfony\\Component\\Console\\Input\\ArrayInput), Object(Illuminate\\Console\\OutputStyle))
#23 E:\\FCIH\\3\\2nd Term\\Software Engineering-2\\project\\project\\versions\\Elec_Bank\\vendor\\laravel\\framework\\src\\Illuminate\\Database\\Console\\Migrations\\RefreshCommand.php(100): Illuminate\\Console\\Command->call('migrate:reset', Array)
#24 E:\\FCIH\\3\\2nd Term\\Software Engineering-2\\project\\project\\versions\\Elec_Bank\\vendor\\laravel\\framework\\src\\Illuminate\\Database\\Console\\Migrations\\RefreshCommand.php(53): Illuminate\\Database\\Console\\Migrations\\RefreshCommand->runReset(NULL, NULL)
#25 [internal function]: Illuminate\\Database\\Console\\Migrations\\RefreshCommand->handle()
#26 E:\\FCIH\\3\\2nd Term\\Software Engineering-2\\project\\project\\versions\\Elec_Bank\\vendor\\laravel\\framework\\src\\Illuminate\\Container\\BoundMethod.php(32): call_user_func_array(Array, Array)
#27 E:\\FCIH\\3\\2nd Term\\Software Engineering-2\\project\\project\\versions\\Elec_Bank\\vendor\\laravel\\framework\\src\\Illuminate\\Container\\BoundMethod.php(90): Illuminate\\Container\\BoundMethod::Illuminate\\Container\\{closure}()
#28 E:\\FCIH\\3\\2nd Term\\Software Engineering-2\\project\\project\\versions\\Elec_Bank\\vendor\\laravel\\framework\\src\\Illuminate\\Container\\BoundMethod.php(34): Illuminate\\Container\\BoundMethod::callBoundMethod(Object(Illuminate\\Foundation\\Application), Array, Object(Closure))
#29 E:\\FCIH\\3\\2nd Term\\Software Engineering-2\\project\\project\\versions\\Elec_Bank\\vendor\\laravel\\framework\\src\\Illuminate\\Container\\Container.php(576): Illuminate\\Container\\BoundMethod::call(Object(Illuminate\\Foundation\\Application), Array, Array, NULL)
#30 E:\\FCIH\\3\\2nd Term\\Software Engineering-2\\project\\project\\versions\\Elec_Bank\\vendor\\laravel\\framework\\src\\Illuminate\\Console\\Command.php(183): Illuminate\\Container\\Container->call(Array)
#31 E:\\FCIH\\3\\2nd Term\\Software Engineering-2\\project\\project\\versions\\Elec_Bank\\vendor\\symfony\\console\\Command\\Command.php(255): Illuminate\\Console\\Command->execute(Object(Symfony\\Component\\Console\\Input\\ArgvInput), Object(Illuminate\\Console\\OutputStyle))
#32 E:\\FCIH\\3\\2nd Term\\Software Engineering-2\\project\\project\\versions\\Elec_Bank\\vendor\\laravel\\framework\\src\\Illuminate\\Console\\Command.php(170): Symfony\\Component\\Console\\Command\\Command->run(Object(Symfony\\Component\\Console\\Input\\ArgvInput), Object(Illuminate\\Console\\OutputStyle))
#33 E:\\FCIH\\3\\2nd Term\\Software Engineering-2\\project\\project\\versions\\Elec_Bank\\vendor\\symfony\\console\\Application.php(1001): Illuminate\\Console\\Command->run(Object(Symfony\\Component\\Console\\Input\\ArgvInput), Object(Symfony\\Component\\Console\\Output\\ConsoleOutput))
#34 E:\\FCIH\\3\\2nd Term\\Software Engineering-2\\project\\project\\versions\\Elec_Bank\\vendor\\symfony\\console\\Application.php(271): Symfony\\Component\\Console\\Application->doRunCommand(Object(Illuminate\\Database\\Console\\Migrations\\RefreshCommand), Object(Symfony\\Component\\Console\\Input\\ArgvInput), Object(Symfony\\Component\\Console\\Output\\ConsoleOutput))
#35 E:\\FCIH\\3\\2nd Term\\Software Engineering-2\\project\\project\\versions\\Elec_Bank\\vendor\\symfony\\console\\Application.php(147): Symfony\\Component\\Console\\Application->doRun(Object(Symfony\\Component\\Console\\Input\\ArgvInput), Object(Symfony\\Component\\Console\\Output\\ConsoleOutput))
#36 E:\\FCIH\\3\\2nd Term\\Software Engineering-2\\project\\project\\versions\\Elec_Bank\\vendor\\laravel\\framework\\src\\Illuminate\\Console\\Application.php(90): Symfony\\Component\\Console\\Application->run(Object(Symfony\\Component\\Console\\Input\\ArgvInput), Object(Symfony\\Component\\Console\\Output\\ConsoleOutput))
#37 E:\\FCIH\\3\\2nd Term\\Software Engineering-2\\project\\project\\versions\\Elec_Bank\\vendor\\laravel\\framework\\src\\Illuminate\\Foundation\\Console\\Kernel.php(133): Illuminate\\Console\\Application->run(Object(Symfony\\Component\\Console\\Input\\ArgvInput), Object(Symfony\\Component\\Console\\Output\\ConsoleOutput))
#38 E:\\FCIH\\3\\2nd Term\\Software Engineering-2\\project\\project\\versions\\Elec_Bank\\artisan(37): Illuminate\\Foundation\\Console\\Kernel->handle(Object(Symfony\\Component\\Console\\Input\\ArgvInput), Object(Symfony\\Component\\Console\\Output\\ConsoleOutput))
#39 {main}
"} 
[2020-05-15 17:42:55] local.ERROR: SQLSTATE[23000]: Integrity constraint violation: 1451 Cannot delete or update a parent row: a foreign key constraint fails (SQL: drop table if exists `users`) {"exception":"[object] (Illuminate\\Database\\QueryException(code: 23000): SQLSTATE[23000]: Integrity constraint violation: 1451 Cannot delete or update a parent row: a foreign key constraint fails (SQL: drop table if exists `users`) at E:\\FCIH\\3\\2nd Term\\Software Engineering-2\\project\\project\\versions\\Elec_Bank\\vendor\\laravel\\framework\\src\\Illuminate\\Database\\Connection.php:664, PDOException(code: 23000): SQLSTATE[23000]: Integrity constraint violation: 1451 Cannot delete or update a parent row: a foreign key constraint fails at E:\\FCIH\\3\\2nd Term\\Software Engineering-2\\project\\project\\versions\\Elec_Bank\\vendor\\laravel\\framework\\src\\Illuminate\\Database\\Connection.php:458)
[stacktrace]
#0 E:\\FCIH\\3\\2nd Term\\Software Engineering-2\\project\\project\\versions\\Elec_Bank\\vendor\\laravel\\framework\\src\\Illuminate\\Database\\Connection.php(624): Illuminate\\Database\\Connection->runQueryCallback('drop table if e...', Array, Object(Closure))
#1 E:\\FCIH\\3\\2nd Term\\Software Engineering-2\\project\\project\\versions\\Elec_Bank\\vendor\\laravel\\framework\\src\\Illuminate\\Database\\Connection.php(459): Illuminate\\Database\\Connection->run('drop table if e...', Array, Object(Closure))
#2 E:\\FCIH\\3\\2nd Term\\Software Engineering-2\\project\\project\\versions\\Elec_Bank\\vendor\\laravel\\framework\\src\\Illuminate\\Database\\Schema\\Blueprint.php(97): Illuminate\\Database\\Connection->statement('drop table if e...')
#3 E:\\FCIH\\3\\2nd Term\\Software Engineering-2\\project\\project\\versions\\Elec_Bank\\vendor\\laravel\\framework\\src\\Illuminate\\Database\\Schema\\Builder.php(278): Illuminate\\Database\\Schema\\Blueprint->build(Object(Illuminate\\Database\\MySqlConnection), Object(Illuminate\\Database\\Schema\\Grammars\\MySqlGrammar))
#4 E:\\FCIH\\3\\2nd Term\\Software Engineering-2\\project\\project\\versions\\Elec_Bank\\vendor\\laravel\\framework\\src\\Illuminate\\Database\\Schema\\Builder.php(193): Illuminate\\Database\\Schema\\Builder->build(Object(Illuminate\\Database\\Schema\\Blueprint))
#5 E:\\FCIH\\3\\2nd Term\\Software Engineering-2\\project\\project\\versions\\Elec_Bank\\vendor\\laravel\\framework\\src\\Illuminate\\Support\\Facades\\Facade.php(239): Illuminate\\Database\\Schema\\Builder->dropIfExists('users')
#6 E:\\FCIH\\3\\2nd Term\\Software Engineering-2\\project\\project\\versions\\Elec_Bank\\database\\migrations\\2014_10_12_000000_create_users_table.php(65): Illuminate\\Support\\Facades\\Facade::__callStatic('dropIfExists', Array)
#7 E:\\FCIH\\3\\2nd Term\\Software Engineering-2\\project\\project\\versions\\Elec_Bank\\vendor\\laravel\\framework\\src\\Illuminate\\Database\\Migrations\\Migrator.php(387): CreateUsersTable->down()
#8 E:\\FCIH\\3\\2nd Term\\Software Engineering-2\\project\\project\\versions\\Elec_Bank\\vendor\\laravel\\framework\\src\\Illuminate\\Database\\Migrations\\Migrator.php(396): Illuminate\\Database\\Migrations\\Migrator->Illuminate\\Database\\Migrations\\{closure}()
#9 E:\\FCIH\\3\\2nd Term\\Software Engineering-2\\project\\project\\versions\\Elec_Bank\\vendor\\laravel\\framework\\src\\Illuminate\\Database\\Migrations\\Migrator.php(358): Illuminate\\Database\\Migrations\\Migrator->runMigration(Object(CreateUsersTable), 'down')
#10 E:\\FCIH\\3\\2nd Term\\Software Engineering-2\\project\\project\\versions\\Elec_Bank\\vendor\\laravel\\framework\\src\\Illuminate\\Database\\Migrations\\Migrator.php(279): Illuminate\\Database\\Migrations\\Migrator->runDown('E:\\\\FCIH\\\\3\\\\2nd T...', Object(stdClass), false)
#11 E:\\FCIH\\3\\2nd Term\\Software Engineering-2\\project\\project\\versions\\Elec_Bank\\vendor\\laravel\\framework\\src\\Illuminate\\Database\\Migrations\\Migrator.php(229): Illuminate\\Database\\Migrations\\Migrator->rollbackMigrations(Array, Array, Array)
#12 E:\\FCIH\\3\\2nd Term\\Software Engineering-2\\project\\project\\versions\\Elec_Bank\\vendor\\laravel\\framework\\src\\Illuminate\\Database\\Console\\Migrations\\RollbackCommand.php(63): Illuminate\\Database\\Migrations\\Migrator->rollback(Array, Array)
#13 [internal function]: Illuminate\\Database\\Console\\Migrations\\RollbackCommand->handle()
#14 E:\\FCIH\\3\\2nd Term\\Software Engineering-2\\project\\project\\versions\\Elec_Bank\\vendor\\laravel\\framework\\src\\Illuminate\\Container\\BoundMethod.php(32): call_user_func_array(Array, Array)
#15 E:\\FCIH\\3\\2nd Term\\Software Engineering-2\\project\\project\\versions\\Elec_Bank\\vendor\\laravel\\framework\\src\\Illuminate\\Container\\BoundMethod.php(90): Illuminate\\Container\\BoundMethod::Illuminate\\Container\\{closure}()
#16 E:\\FCIH\\3\\2nd Term\\Software Engineering-2\\project\\project\\versions\\Elec_Bank\\vendor\\laravel\\framework\\src\\Illuminate\\Container\\BoundMethod.php(34): Illuminate\\Container\\BoundMethod::callBoundMethod(Object(Illuminate\\Foundation\\Application), Array, Object(Closure))
#17 E:\\FCIH\\3\\2nd Term\\Software Engineering-2\\project\\project\\versions\\Elec_Bank\\vendor\\laravel\\framework\\src\\Illuminate\\Container\\Container.php(576): Illuminate\\Container\\BoundMethod::call(Object(Illuminate\\Foundation\\Application), Array, Array, NULL)
#18 E:\\FCIH\\3\\2nd Term\\Software Engineering-2\\project\\project\\versions\\Elec_Bank\\vendor\\laravel\\framework\\src\\Illuminate\\Console\\Command.php(183): Illuminate\\Container\\Container->call(Array)
#19 E:\\FCIH\\3\\2nd Term\\Software Engineering-2\\project\\project\\versions\\Elec_Bank\\vendor\\symfony\\console\\Command\\Command.php(255): Illuminate\\Console\\Command->execute(Object(Symfony\\Component\\Console\\Input\\ArgvInput), Object(Illuminate\\Console\\OutputStyle))
#20 E:\\FCIH\\3\\2nd Term\\Software Engineering-2\\project\\project\\versions\\Elec_Bank\\vendor\\laravel\\framework\\src\\Illuminate\\Console\\Command.php(170): Symfony\\Component\\Console\\Command\\Command->run(Object(Symfony\\Component\\Console\\Input\\ArgvInput), Object(Illuminate\\Console\\OutputStyle))
#21 E:\\FCIH\\3\\2nd Term\\Software Engineering-2\\project\\project\\versions\\Elec_Bank\\vendor\\symfony\\console\\Application.php(1001): Illuminate\\Console\\Command->run(Object(Symfony\\Component\\Console\\Input\\ArgvInput), Object(Symfony\\Component\\Console\\Output\\ConsoleOutput))
#22 E:\\FCIH\\3\\2nd Term\\Software Engineering-2\\project\\project\\versions\\Elec_Bank\\vendor\\symfony\\console\\Application.php(271): Symfony\\Component\\Console\\Application->doRunCommand(Object(Illuminate\\Database\\Console\\Migrations\\RollbackCommand), Object(Symfony\\Component\\Console\\Input\\ArgvInput), Object(Symfony\\Component\\Console\\Output\\ConsoleOutput))
#23 E:\\FCIH\\3\\2nd Term\\Software Engineering-2\\project\\project\\versions\\Elec_Bank\\vendor\\symfony\\console\\Application.php(147): Symfony\\Component\\Console\\Application->doRun(Object(Symfony\\Component\\Console\\Input\\ArgvInput), Object(Symfony\\Component\\Console\\Output\\ConsoleOutput))
#24 E:\\FCIH\\3\\2nd Term\\Software Engineering-2\\project\\project\\versions\\Elec_Bank\\vendor\\laravel\\framework\\src\\Illuminate\\Console\\Application.php(90): Symfony\\Component\\Console\\Application->run(Object(Symfony\\Component\\Console\\Input\\ArgvInput), Object(Symfony\\Component\\Console\\Output\\ConsoleOutput))
#25 E:\\FCIH\\3\\2nd Term\\Software Engineering-2\\project\\project\\versions\\Elec_Bank\\vendor\\laravel\\framework\\src\\Illuminate\\Foundation\\Console\\Kernel.php(133): Illuminate\\Console\\Application->run(Object(Symfony\\Component\\Console\\Input\\ArgvInput), Object(Symfony\\Component\\Console\\Output\\ConsoleOutput))
#26 E:\\FCIH\\3\\2nd Term\\Software Engineering-2\\project\\project\\versions\\Elec_Bank\\artisan(37): Illuminate\\Foundation\\Console\\Kernel->handle(Object(Symfony\\Component\\Console\\Input\\ArgvInput), Object(Symfony\\Component\\Console\\Output\\ConsoleOutput))
#27 {main}
"} 
[2020-05-15 17:43:00] local.ERROR: SQLSTATE[23000]: Integrity constraint violation: 1451 Cannot delete or update a parent row: a foreign key constraint fails (SQL: drop table if exists `users`) {"exception":"[object] (Illuminate\\Database\\QueryException(code: 23000): SQLSTATE[23000]: Integrity constraint violation: 1451 Cannot delete or update a parent row: a foreign key constraint fails (SQL: drop table if exists `users`) at E:\\FCIH\\3\\2nd Term\\Software Engineering-2\\project\\project\\versions\\Elec_Bank\\vendor\\laravel\\framework\\src\\Illuminate\\Database\\Connection.php:664, PDOException(code: 23000): SQLSTATE[23000]: Integrity constraint violation: 1451 Cannot delete or update a parent row: a foreign key constraint fails at E:\\FCIH\\3\\2nd Term\\Software Engineering-2\\project\\project\\versions\\Elec_Bank\\vendor\\laravel\\framework\\src\\Illuminate\\Database\\Connection.php:458)
[stacktrace]
#0 E:\\FCIH\\3\\2nd Term\\Software Engineering-2\\project\\project\\versions\\Elec_Bank\\vendor\\laravel\\framework\\src\\Illuminate\\Database\\Connection.php(624): Illuminate\\Database\\Connection->runQueryCallback('drop table if e...', Array, Object(Closure))
#1 E:\\FCIH\\3\\2nd Term\\Software Engineering-2\\project\\project\\versions\\Elec_Bank\\vendor\\laravel\\framework\\src\\Illuminate\\Database\\Connection.php(459): Illuminate\\Database\\Connection->run('drop table if e...', Array, Object(Closure))
#2 E:\\FCIH\\3\\2nd Term\\Software Engineering-2\\project\\project\\versions\\Elec_Bank\\vendor\\laravel\\framework\\src\\Illuminate\\Database\\Schema\\Blueprint.php(97): Illuminate\\Database\\Connection->statement('drop table if e...')
#3 E:\\FCIH\\3\\2nd Term\\Software Engineering-2\\project\\project\\versions\\Elec_Bank\\vendor\\laravel\\framework\\src\\Illuminate\\Database\\Schema\\Builder.php(278): Illuminate\\Database\\Schema\\Blueprint->build(Object(Illuminate\\Database\\MySqlConnection), Object(Illuminate\\Database\\Schema\\Grammars\\MySqlGrammar))
#4 E:\\FCIH\\3\\2nd Term\\Software Engineering-2\\project\\project\\versions\\Elec_Bank\\vendor\\laravel\\framework\\src\\Illuminate\\Database\\Schema\\Builder.php(193): Illuminate\\Database\\Schema\\Builder->build(Object(Illuminate\\Database\\Schema\\Blueprint))
#5 E:\\FCIH\\3\\2nd Term\\Software Engineering-2\\project\\project\\versions\\Elec_Bank\\vendor\\laravel\\framework\\src\\Illuminate\\Support\\Facades\\Facade.php(239): Illuminate\\Database\\Schema\\Builder->dropIfExists('users')
#6 E:\\FCIH\\3\\2nd Term\\Software Engineering-2\\project\\project\\versions\\Elec_Bank\\database\\migrations\\2014_10_12_000000_create_users_table.php(65): Illuminate\\Support\\Facades\\Facade::__callStatic('dropIfExists', Array)
#7 E:\\FCIH\\3\\2nd Term\\Software Engineering-2\\project\\project\\versions\\Elec_Bank\\vendor\\laravel\\framework\\src\\Illuminate\\Database\\Migrations\\Migrator.php(387): CreateUsersTable->down()
#8 E:\\FCIH\\3\\2nd Term\\Software Engineering-2\\project\\project\\versions\\Elec_Bank\\vendor\\laravel\\framework\\src\\Illuminate\\Database\\Migrations\\Migrator.php(396): Illuminate\\Database\\Migrations\\Migrator->Illuminate\\Database\\Migrations\\{closure}()
#9 E:\\FCIH\\3\\2nd Term\\Software Engineering-2\\project\\project\\versions\\Elec_Bank\\vendor\\laravel\\framework\\src\\Illuminate\\Database\\Migrations\\Migrator.php(358): Illuminate\\Database\\Migrations\\Migrator->runMigration(Object(CreateUsersTable), 'down')
#10 E:\\FCIH\\3\\2nd Term\\Software Engineering-2\\project\\project\\versions\\Elec_Bank\\vendor\\laravel\\framework\\src\\Illuminate\\Database\\Migrations\\Migrator.php(279): Illuminate\\Database\\Migrations\\Migrator->runDown('E:\\\\FCIH\\\\3\\\\2nd T...', Object(stdClass), false)
#11 E:\\FCIH\\3\\2nd Term\\Software Engineering-2\\project\\project\\versions\\Elec_Bank\\vendor\\laravel\\framework\\src\\Illuminate\\Database\\Migrations\\Migrator.php(329): Illuminate\\Database\\Migrations\\Migrator->rollbackMigrations(Array, Array, Array)
#12 E:\\FCIH\\3\\2nd Term\\Software Engineering-2\\project\\project\\versions\\Elec_Bank\\vendor\\laravel\\framework\\src\\Illuminate\\Database\\Migrations\\Migrator.php(308): Illuminate\\Database\\Migrations\\Migrator->resetMigrations(Array, Array, false)
#13 E:\\FCIH\\3\\2nd Term\\Software Engineering-2\\project\\project\\versions\\Elec_Bank\\vendor\\laravel\\framework\\src\\Illuminate\\Database\\Console\\Migrations\\ResetCommand.php(68): Illuminate\\Database\\Migrations\\Migrator->reset(Array, false)
#14 [internal function]: Illuminate\\Database\\Console\\Migrations\\ResetCommand->handle()
#15 E:\\FCIH\\3\\2nd Term\\Software Engineering-2\\project\\project\\versions\\Elec_Bank\\vendor\\laravel\\framework\\src\\Illuminate\\Container\\BoundMethod.php(32): call_user_func_array(Array, Array)
#16 E:\\FCIH\\3\\2nd Term\\Software Engineering-2\\project\\project\\versions\\Elec_Bank\\vendor\\laravel\\framework\\src\\Illuminate\\Container\\BoundMethod.php(90): Illuminate\\Container\\BoundMethod::Illuminate\\Container\\{closure}()
#17 E:\\FCIH\\3\\2nd Term\\Software Engineering-2\\project\\project\\versions\\Elec_Bank\\vendor\\laravel\\framework\\src\\Illuminate\\Container\\BoundMethod.php(34): Illuminate\\Container\\BoundMethod::callBoundMethod(Object(Illuminate\\Foundation\\Application), Array, Object(Closure))
#18 E:\\FCIH\\3\\2nd Term\\Software Engineering-2\\project\\project\\versions\\Elec_Bank\\vendor\\laravel\\framework\\src\\Illuminate\\Container\\Container.php(576): Illuminate\\Container\\BoundMethod::call(Object(Illuminate\\Foundation\\Application), Array, Array, NULL)
#19 E:\\FCIH\\3\\2nd Term\\Software Engineering-2\\project\\project\\versions\\Elec_Bank\\vendor\\laravel\\framework\\src\\Illuminate\\Console\\Command.php(183): Illuminate\\Container\\Container->call(Array)
#20 E:\\FCIH\\3\\2nd Term\\Software Engineering-2\\project\\project\\versions\\Elec_Bank\\vendor\\symfony\\console\\Command\\Command.php(255): Illuminate\\Console\\Command->execute(Object(Symfony\\Component\\Console\\Input\\ArrayInput), Object(Illuminate\\Console\\OutputStyle))
#21 E:\\FCIH\\3\\2nd Term\\Software Engineering-2\\project\\project\\versions\\Elec_Bank\\vendor\\laravel\\framework\\src\\Illuminate\\Console\\Command.php(170): Symfony\\Component\\Console\\Command\\Command->run(Object(Symfony\\Component\\Console\\Input\\ArrayInput), Object(Illuminate\\Console\\OutputStyle))
#22 E:\\FCIH\\3\\2nd Term\\Software Engineering-2\\project\\project\\versions\\Elec_Bank\\vendor\\laravel\\framework\\src\\Illuminate\\Console\\Command.php(198): Illuminate\\Console\\Command->run(Object(Symfony\\Component\\Console\\Input\\ArrayInput), Object(Illuminate\\Console\\OutputStyle))
#23 E:\\FCIH\\3\\2nd Term\\Software Engineering-2\\project\\project\\versions\\Elec_Bank\\vendor\\laravel\\framework\\src\\Illuminate\\Database\\Console\\Migrations\\RefreshCommand.php(100): Illuminate\\Console\\Command->call('migrate:reset', Array)
#24 E:\\FCIH\\3\\2nd Term\\Software Engineering-2\\project\\project\\versions\\Elec_Bank\\vendor\\laravel\\framework\\src\\Illuminate\\Database\\Console\\Migrations\\RefreshCommand.php(53): Illuminate\\Database\\Console\\Migrations\\RefreshCommand->runReset(NULL, NULL)
#25 [internal function]: Illuminate\\Database\\Console\\Migrations\\RefreshCommand->handle()
#26 E:\\FCIH\\3\\2nd Term\\Software Engineering-2\\project\\project\\versions\\Elec_Bank\\vendor\\laravel\\framework\\src\\Illuminate\\Container\\BoundMethod.php(32): call_user_func_array(Array, Array)
#27 E:\\FCIH\\3\\2nd Term\\Software Engineering-2\\project\\project\\versions\\Elec_Bank\\vendor\\laravel\\framework\\src\\Illuminate\\Container\\BoundMethod.php(90): Illuminate\\Container\\BoundMethod::Illuminate\\Container\\{closure}()
#28 E:\\FCIH\\3\\2nd Term\\Software Engineering-2\\project\\project\\versions\\Elec_Bank\\vendor\\laravel\\framework\\src\\Illuminate\\Container\\BoundMethod.php(34): Illuminate\\Container\\BoundMethod::callBoundMethod(Object(Illuminate\\Foundation\\Application), Array, Object(Closure))
#29 E:\\FCIH\\3\\2nd Term\\Software Engineering-2\\project\\project\\versions\\Elec_Bank\\vendor\\laravel\\framework\\src\\Illuminate\\Container\\Container.php(576): Illuminate\\Container\\BoundMethod::call(Object(Illuminate\\Foundation\\Application), Array, Array, NULL)
#30 E:\\FCIH\\3\\2nd Term\\Software Engineering-2\\project\\project\\versions\\Elec_Bank\\vendor\\laravel\\framework\\src\\Illuminate\\Console\\Command.php(183): Illuminate\\Container\\Container->call(Array)
#31 E:\\FCIH\\3\\2nd Term\\Software Engineering-2\\project\\project\\versions\\Elec_Bank\\vendor\\symfony\\console\\Command\\Command.php(255): Illuminate\\Console\\Command->execute(Object(Symfony\\Component\\Console\\Input\\ArgvInput), Object(Illuminate\\Console\\OutputStyle))
#32 E:\\FCIH\\3\\2nd Term\\Software Engineering-2\\project\\project\\versions\\Elec_Bank\\vendor\\laravel\\framework\\src\\Illuminate\\Console\\Command.php(170): Symfony\\Component\\Console\\Command\\Command->run(Object(Symfony\\Component\\Console\\Input\\ArgvInput), Object(Illuminate\\Console\\OutputStyle))
#33 E:\\FCIH\\3\\2nd Term\\Software Engineering-2\\project\\project\\versions\\Elec_Bank\\vendor\\symfony\\console\\Application.php(1001): Illuminate\\Console\\Command->run(Object(Symfony\\Component\\Console\\Input\\ArgvInput), Object(Symfony\\Component\\Console\\Output\\ConsoleOutput))
#34 E:\\FCIH\\3\\2nd Term\\Software Engineering-2\\project\\project\\versions\\Elec_Bank\\vendor\\symfony\\console\\Application.php(271): Symfony\\Component\\Console\\Application->doRunCommand(Object(Illuminate\\Database\\Console\\Migrations\\RefreshCommand), Object(Symfony\\Component\\Console\\Input\\ArgvInput), Object(Symfony\\Component\\Console\\Output\\ConsoleOutput))
#35 E:\\FCIH\\3\\2nd Term\\Software Engineering-2\\project\\project\\versions\\Elec_Bank\\vendor\\symfony\\console\\Application.php(147): Symfony\\Component\\Console\\Application->doRun(Object(Symfony\\Component\\Console\\Input\\ArgvInput), Object(Symfony\\Component\\Console\\Output\\ConsoleOutput))
#36 E:\\FCIH\\3\\2nd Term\\Software Engineering-2\\project\\project\\versions\\Elec_Bank\\vendor\\laravel\\framework\\src\\Illuminate\\Console\\Application.php(90): Symfony\\Component\\Console\\Application->run(Object(Symfony\\Component\\Console\\Input\\ArgvInput), Object(Symfony\\Component\\Console\\Output\\ConsoleOutput))
#37 E:\\FCIH\\3\\2nd Term\\Software Engineering-2\\project\\project\\versions\\Elec_Bank\\vendor\\laravel\\framework\\src\\Illuminate\\Foundation\\Console\\Kernel.php(133): Illuminate\\Console\\Application->run(Object(Symfony\\Component\\Console\\Input\\ArgvInput), Object(Symfony\\Component\\Console\\Output\\ConsoleOutput))
#38 E:\\FCIH\\3\\2nd Term\\Software Engineering-2\\project\\project\\versions\\Elec_Bank\\artisan(37): Illuminate\\Foundation\\Console\\Kernel->handle(Object(Symfony\\Component\\Console\\Input\\ArgvInput), Object(Symfony\\Component\\Console\\Output\\ConsoleOutput))
#39 {main}
"} 
